#
# A fatal error has been detected by the Java Runtime Environment:
#
#  Internal Error (sharedRuntime.cpp:531), pid=23423, tid=9475
#  Error: ShouldNotReachHere()
#
# JRE version: OpenJDK Runtime Environment (16.0+14) (build 16+14)
# Java VM: OpenJDK 64-Bit Server VM (16+14, mixed mode, tiered, compressed oops, g1 gc, bsd-aarch64)
# No core dump will be written. Core dumps have been disabled. To enable core dumping, try "ulimit -c unlimited" before starting Java again
#
# If you would like to submit a bug report, please visit:
#   https://bugreport.java.com/bugreport/crash.jsp
#

---------------  S U M M A R Y ------------

Command Line: io.qameta.allure.CommandLine serve allure-results

Host: MacBookPro17,1 arm64 1 MHz, 8 cores, 16G, Darwin 20.5.0, macOS 11.4 (20F71)
Time: Sat Aug  7 09:56:48 2021 IDT elapsed time: 0.163818 seconds (0d 0h 0m 0s)

---------------  T H R E A D  ---------------

Current thread (0x000000014a80fe00):  JavaThread "main" [_thread_in_Java, id=9475, stack(0x000000016b4cc000,0x000000016b6cf000)]

Stack: [0x000000016b4cc000,0x000000016b6cf000],  sp=0x000000016b6cd740,  free space=2053k
Native frames: (J=compiled Java code, A=aot compiled Java code, j=interpreted, Vv=VM code, C=native code)
V  [libjvm.dylib+0x9b4130]  _ZN7VMError14report_and_dieEiPKcS1_PcP6ThreadPhPvS6_S1_im+0x46c
V  [libjvm.dylib+0x9b4884]  _ZN7VMError14report_and_dieEP6ThreadPvPKciS4_S4_Pc+0x40
V  [libjvm.dylib+0x2ad690]  _Z15report_vm_errorPKciS0_S0_z+0x5c
V  [libjvm.dylib+0x2ad864]  _Z28report_should_not_reach_herePKci+0x2c
V  [libjvm.dylib+0x818d4c]  _ZN13SharedRuntime40raw_exception_handler_for_return_addressEP10JavaThreadPh+0x178
V  [libjvm.dylib+0x818df0]  _ZN13SharedRuntime36exception_handler_for_return_addressEP10JavaThreadPh+0x28
v  ~StubRoutines::forward exception
j  java.lang.Class.forName(Ljava/lang/String;)Ljava/lang/Class;+11 java.base@16
j  org.slf4j.impl.Log4jLoggerFactory.<clinit>()V+2
v  ~StubRoutines::call_stub
V  [libjvm.dylib+0x44ae78]  _ZN9JavaCalls11call_helperEP9JavaValueRK12methodHandleP17JavaCallArgumentsP6Thread+0x30c
V  [libjvm.dylib+0x42c624]  _ZN13InstanceKlass22call_class_initializerEP6Thread+0x1e8
V  [libjvm.dylib+0x42bd50]  _ZN13InstanceKlass15initialize_implEP6Thread+0x57c
V  [libjvm.dylib+0x441044]  _ZN18InterpreterRuntime4_newEP10JavaThreadP12ConstantPooli+0xc4
j  org.slf4j.impl.StaticLoggerBinder.<init>()V+5
j  org.slf4j.impl.StaticLoggerBinder.<clinit>()V+4
v  ~StubRoutines::call_stub
V  [libjvm.dylib+0x44ae78]  _ZN9JavaCalls11call_helperEP9JavaValueRK12methodHandleP17JavaCallArgumentsP6Thread+0x30c
V  [libjvm.dylib+0x42c624]  _ZN13InstanceKlass22call_class_initializerEP6Thread+0x1e8
V  [libjvm.dylib+0x42bd50]  _ZN13InstanceKlass15initialize_implEP6Thread+0x57c
V  [libjvm.dylib+0x65f490]  _ZN12LinkResolver19resolve_static_callER8CallInfoRK8LinkInfobP6Thread+0x78
V  [libjvm.dylib+0x661468]  _ZN12LinkResolver14resolve_invokeER8CallInfo6HandleRK18constantPoolHandleiN9Bytecodes4CodeEP6Thread+0xac
V  [libjvm.dylib+0x444304]  _ZN18InterpreterRuntime14resolve_invokeEP10JavaThreadN9Bytecodes4CodeE+0x284
V  [libjvm.dylib+0x444960]  _ZN18InterpreterRuntime18resolve_from_cacheEP10JavaThreadN9Bytecodes4CodeE+0x7c
j  org.slf4j.LoggerFactory.bind()V+16
j  org.slf4j.LoggerFactory.performInitialization()V+0
j  org.slf4j.LoggerFactory.getILoggerFactory()Lorg/slf4j/ILoggerFactory;+21
j  org.slf4j.LoggerFactory.getLogger(Ljava/lang/String;)Lorg/slf4j/Logger;+0
j  org.slf4j.LoggerFactory.getLogger(Ljava/lang/Class;)Lorg/slf4j/Logger;+4
j  io.qameta.allure.CommandLine.<clinit>()V+2
v  ~StubRoutines::call_stub
V  [libjvm.dylib+0x44ae78]  _ZN9JavaCalls11call_helperEP9JavaValueRK12methodHandleP17JavaCallArgumentsP6Thread+0x30c
V  [libjvm.dylib+0x42c624]  _ZN13InstanceKlass22call_class_initializerEP6Thread+0x1e8
V  [libjvm.dylib+0x42bd50]  _ZN13InstanceKlass15initialize_implEP6Thread+0x57c
V  [libjvm.dylib+0x4a4258]  _ZL13get_method_idP7JNIEnv_P7_jclassPKcS4_bP6Thread+0x160
V  [libjvm.dylib+0x4a45c8]  jni_GetStaticMethodID+0x104
C  [libjli.dylib+0x5400]  JavaMain+0x99c
C  [libjli.dylib+0x7794]  ThreadJavaMain+0xc
C  [libsystem_pthread.dylib+0x7878]  _pthread_start+0x140


---------------  P R O C E S S  ---------------

Threads class SMR info:
_java_thread_list=0x0000000149f611b0, length=10, elements={
0x000000014a80fe00, 0x000000014a8c8c00, 0x000000014a80da00, 0x000000014a8c9c00,
0x000000014a8cb000, 0x000000014a06c400, 0x000000014a8cb600, 0x000000013a008200,
0x000000014a8cbc00, 0x000000014a8d7400
}

Java Threads: ( => current thread )
=>0x000000014a80fe00 JavaThread "main" [_thread_in_Java, id=9475, stack(0x000000016b4cc000,0x000000016b6cf000)]
  0x000000014a8c8c00 JavaThread "Reference Handler" daemon [_thread_blocked, id=16131, stack(0x000000016c320000,0x000000016c523000)]
  0x000000014a80da00 JavaThread "Finalizer" daemon [_thread_blocked, id=16643, stack(0x000000016c52c000,0x000000016c72f000)]
  0x000000014a8c9c00 JavaThread "Signal Dispatcher" daemon [_thread_blocked, id=22275, stack(0x000000016c850000,0x000000016ca53000)]
  0x000000014a8cb000 JavaThread "Service Thread" daemon [_thread_blocked, id=42755, stack(0x000000016ca5c000,0x000000016cc5f000)]
  0x000000014a06c400 JavaThread "C2 CompilerThread0" daemon [_thread_blocked, id=22787, stack(0x000000016cc68000,0x000000016ce6b000)]
  0x000000014a8cb600 JavaThread "C1 CompilerThread0" daemon [_thread_blocked, id=23299, stack(0x000000016ce74000,0x000000016d077000)]
  0x000000013a008200 JavaThread "Sweeper thread" daemon [_thread_blocked, id=23811, stack(0x000000016d080000,0x000000016d283000)]
  0x000000014a8cbc00 JavaThread "Notification Thread" daemon [_thread_blocked, id=41987, stack(0x000000016d28c000,0x000000016d48f000)]
  0x000000014a8d7400 JavaThread "Common-Cleaner" daemon [_thread_blocked, id=24579, stack(0x000000016d6a4000,0x000000016d8a7000)]

Other Threads:
  0x0000000149e52aa0 VMThread "VM Thread" [stack: 0x000000016c114000,0x000000016c317000] [id=15619]
  0x0000000149f60590 WatcherThread [stack: 0x000000016d498000,0x000000016d69b000] [id=24323]
  0x0000000149f11910 GCTaskThread "GC Thread#0" [stack: 0x000000016b6d8000,0x000000016b8db000] [id=12547]
  0x0000000149f12a60 ConcurrentGCThread "G1 Main Marker" [stack: 0x000000016b8e4000,0x000000016bae7000] [id=12803]
  0x0000000149e159f0 ConcurrentGCThread "G1 Conc#0" [stack: 0x000000016baf0000,0x000000016bcf3000] [id=13571]
  0x0000000149e31b00 ConcurrentGCThread "G1 Refine#0" [stack: 0x000000016bcfc000,0x000000016beff000] [id=14083]
  0x0000000149f13c00 ConcurrentGCThread "G1 Service" [stack: 0x000000016bf08000,0x000000016c10b000] [id=14595]

Threads with active compile tasks:

VM state: not at safepoint (normal execution)

VM Mutex/Monitor currently owned by a thread: None

Heap address: 0x00000006c0000000, size: 4096 MB, Compressed Oops mode: Zero based, Oop shift amount: 3
Compressed class space mapped at: 0x0000000300000000-0x0000000340000000, reserved size: 1073741824
Narrow klass base: 0x0000000000000000, Narrow klass shift: 3, Narrow klass range: 0x340000000

GC Precious Log:
 CPUs: 8 total, 8 available
 Memory: 16384M
 Large Page Support: Disabled
 NUMA Support: Disabled
 Compressed Oops: Enabled (Zero based)
 Heap Region Size: 2M
 Heap Min Capacity: 8M
 Heap Initial Capacity: 256M
 Heap Max Capacity: 4G
 Pre-touch: Disabled
 Parallel Workers: 8
 Concurrent Workers: 2
 Concurrent Refinement Workers: 8
 Periodic GC: Disabled

Heap:
 garbage-first heap   total 262144K, used 2048K [0x00000006c0000000, 0x00000007c0000000)
  region size 2048K, 2 young (4096K), 0 survivors (0K)
 Metaspace       used 4981K, committed 5120K, reserved 1056768K
  class space    used 434K, committed 512K, reserved 1048576K

Heap Regions: E=young(eden), S=young(survivor), O=old, HS=humongous(starts), HC=humongous(continues), CS=collection set, F=free, OA=open archive, CA=closed archive, TAMS=top-at-mark-start (previous, next)
|   0|0x00000006c0000000, 0x00000006c0000000, 0x00000006c0200000|  0%| F|  |TAMS 0x00000006c0000000, 0x00000006c0000000| Untracked 
|   1|0x00000006c0200000, 0x00000006c0200000, 0x00000006c0400000|  0%| F|  |TAMS 0x00000006c0200000, 0x00000006c0200000| Untracked 
|   2|0x00000006c0400000, 0x00000006c0400000, 0x00000006c0600000|  0%| F|  |TAMS 0x00000006c0400000, 0x00000006c0400000| Untracked 
|   3|0x00000006c0600000, 0x00000006c0600000, 0x00000006c0800000|  0%| F|  |TAMS 0x00000006c0600000, 0x00000006c0600000| Untracked 
|   4|0x00000006c0800000, 0x00000006c0800000, 0x00000006c0a00000|  0%| F|  |TAMS 0x00000006c0800000, 0x00000006c0800000| Untracked 
|   5|0x00000006c0a00000, 0x00000006c0a00000, 0x00000006c0c00000|  0%| F|  |TAMS 0x00000006c0a00000, 0x00000006c0a00000| Untracked 
|   6|0x00000006c0c00000, 0x00000006c0c00000, 0x00000006c0e00000|  0%| F|  |TAMS 0x00000006c0c00000, 0x00000006c0c00000| Untracked 
|   7|0x00000006c0e00000, 0x00000006c0e00000, 0x00000006c1000000|  0%| F|  |TAMS 0x00000006c0e00000, 0x00000006c0e00000| Untracked 
|   8|0x00000006c1000000, 0x00000006c1000000, 0x00000006c1200000|  0%| F|  |TAMS 0x00000006c1000000, 0x00000006c1000000| Untracked 
|   9|0x00000006c1200000, 0x00000006c1200000, 0x00000006c1400000|  0%| F|  |TAMS 0x00000006c1200000, 0x00000006c1200000| Untracked 
|  10|0x00000006c1400000, 0x00000006c1400000, 0x00000006c1600000|  0%| F|  |TAMS 0x00000006c1400000, 0x00000006c1400000| Untracked 
|  11|0x00000006c1600000, 0x00000006c1600000, 0x00000006c1800000|  0%| F|  |TAMS 0x00000006c1600000, 0x00000006c1600000| Untracked 
|  12|0x00000006c1800000, 0x00000006c1800000, 0x00000006c1a00000|  0%| F|  |TAMS 0x00000006c1800000, 0x00000006c1800000| Untracked 
|  13|0x00000006c1a00000, 0x00000006c1a00000, 0x00000006c1c00000|  0%| F|  |TAMS 0x00000006c1a00000, 0x00000006c1a00000| Untracked 
|  14|0x00000006c1c00000, 0x00000006c1c00000, 0x00000006c1e00000|  0%| F|  |TAMS 0x00000006c1c00000, 0x00000006c1c00000| Untracked 
|  15|0x00000006c1e00000, 0x00000006c1e00000, 0x00000006c2000000|  0%| F|  |TAMS 0x00000006c1e00000, 0x00000006c1e00000| Untracked 
|  16|0x00000006c2000000, 0x00000006c2000000, 0x00000006c2200000|  0%| F|  |TAMS 0x00000006c2000000, 0x00000006c2000000| Untracked 
|  17|0x00000006c2200000, 0x00000006c2200000, 0x00000006c2400000|  0%| F|  |TAMS 0x00000006c2200000, 0x00000006c2200000| Untracked 
|  18|0x00000006c2400000, 0x00000006c2400000, 0x00000006c2600000|  0%| F|  |TAMS 0x00000006c2400000, 0x00000006c2400000| Untracked 
|  19|0x00000006c2600000, 0x00000006c2600000, 0x00000006c2800000|  0%| F|  |TAMS 0x00000006c2600000, 0x00000006c2600000| Untracked 
|  20|0x00000006c2800000, 0x00000006c2800000, 0x00000006c2a00000|  0%| F|  |TAMS 0x00000006c2800000, 0x00000006c2800000| Untracked 
|  21|0x00000006c2a00000, 0x00000006c2a00000, 0x00000006c2c00000|  0%| F|  |TAMS 0x00000006c2a00000, 0x00000006c2a00000| Untracked 
|  22|0x00000006c2c00000, 0x00000006c2c00000, 0x00000006c2e00000|  0%| F|  |TAMS 0x00000006c2c00000, 0x00000006c2c00000| Untracked 
|  23|0x00000006c2e00000, 0x00000006c2e00000, 0x00000006c3000000|  0%| F|  |TAMS 0x00000006c2e00000, 0x00000006c2e00000| Untracked 
|  24|0x00000006c3000000, 0x00000006c3000000, 0x00000006c3200000|  0%| F|  |TAMS 0x00000006c3000000, 0x00000006c3000000| Untracked 
|  25|0x00000006c3200000, 0x00000006c3200000, 0x00000006c3400000|  0%| F|  |TAMS 0x00000006c3200000, 0x00000006c3200000| Untracked 
|  26|0x00000006c3400000, 0x00000006c3400000, 0x00000006c3600000|  0%| F|  |TAMS 0x00000006c3400000, 0x00000006c3400000| Untracked 
|  27|0x00000006c3600000, 0x00000006c3600000, 0x00000006c3800000|  0%| F|  |TAMS 0x00000006c3600000, 0x00000006c3600000| Untracked 
|  28|0x00000006c3800000, 0x00000006c3800000, 0x00000006c3a00000|  0%| F|  |TAMS 0x00000006c3800000, 0x00000006c3800000| Untracked 
|  29|0x00000006c3a00000, 0x00000006c3a00000, 0x00000006c3c00000|  0%| F|  |TAMS 0x00000006c3a00000, 0x00000006c3a00000| Untracked 
|  30|0x00000006c3c00000, 0x00000006c3c00000, 0x00000006c3e00000|  0%| F|  |TAMS 0x00000006c3c00000, 0x00000006c3c00000| Untracked 
|  31|0x00000006c3e00000, 0x00000006c3e00000, 0x00000006c4000000|  0%| F|  |TAMS 0x00000006c3e00000, 0x00000006c3e00000| Untracked 
|  32|0x00000006c4000000, 0x00000006c4000000, 0x00000006c4200000|  0%| F|  |TAMS 0x00000006c4000000, 0x00000006c4000000| Untracked 
|  33|0x00000006c4200000, 0x00000006c4200000, 0x00000006c4400000|  0%| F|  |TAMS 0x00000006c4200000, 0x00000006c4200000| Untracked 
|  34|0x00000006c4400000, 0x00000006c4400000, 0x00000006c4600000|  0%| F|  |TAMS 0x00000006c4400000, 0x00000006c4400000| Untracked 
|  35|0x00000006c4600000, 0x00000006c4600000, 0x00000006c4800000|  0%| F|  |TAMS 0x00000006c4600000, 0x00000006c4600000| Untracked 
|  36|0x00000006c4800000, 0x00000006c4800000, 0x00000006c4a00000|  0%| F|  |TAMS 0x00000006c4800000, 0x00000006c4800000| Untracked 
|  37|0x00000006c4a00000, 0x00000006c4a00000, 0x00000006c4c00000|  0%| F|  |TAMS 0x00000006c4a00000, 0x00000006c4a00000| Untracked 
|  38|0x00000006c4c00000, 0x00000006c4c00000, 0x00000006c4e00000|  0%| F|  |TAMS 0x00000006c4c00000, 0x00000006c4c00000| Untracked 
|  39|0x00000006c4e00000, 0x00000006c4e00000, 0x00000006c5000000|  0%| F|  |TAMS 0x00000006c4e00000, 0x00000006c4e00000| Untracked 
|  40|0x00000006c5000000, 0x00000006c5000000, 0x00000006c5200000|  0%| F|  |TAMS 0x00000006c5000000, 0x00000006c5000000| Untracked 
|  41|0x00000006c5200000, 0x00000006c5200000, 0x00000006c5400000|  0%| F|  |TAMS 0x00000006c5200000, 0x00000006c5200000| Untracked 
|  42|0x00000006c5400000, 0x00000006c5400000, 0x00000006c5600000|  0%| F|  |TAMS 0x00000006c5400000, 0x00000006c5400000| Untracked 
|  43|0x00000006c5600000, 0x00000006c5600000, 0x00000006c5800000|  0%| F|  |TAMS 0x00000006c5600000, 0x00000006c5600000| Untracked 
|  44|0x00000006c5800000, 0x00000006c5800000, 0x00000006c5a00000|  0%| F|  |TAMS 0x00000006c5800000, 0x00000006c5800000| Untracked 
|  45|0x00000006c5a00000, 0x00000006c5a00000, 0x00000006c5c00000|  0%| F|  |TAMS 0x00000006c5a00000, 0x00000006c5a00000| Untracked 
|  46|0x00000006c5c00000, 0x00000006c5c00000, 0x00000006c5e00000|  0%| F|  |TAMS 0x00000006c5c00000, 0x00000006c5c00000| Untracked 
|  47|0x00000006c5e00000, 0x00000006c5e00000, 0x00000006c6000000|  0%| F|  |TAMS 0x00000006c5e00000, 0x00000006c5e00000| Untracked 
|  48|0x00000006c6000000, 0x00000006c6000000, 0x00000006c6200000|  0%| F|  |TAMS 0x00000006c6000000, 0x00000006c6000000| Untracked 
|  49|0x00000006c6200000, 0x00000006c6200000, 0x00000006c6400000|  0%| F|  |TAMS 0x00000006c6200000, 0x00000006c6200000| Untracked 
|  50|0x00000006c6400000, 0x00000006c6400000, 0x00000006c6600000|  0%| F|  |TAMS 0x00000006c6400000, 0x00000006c6400000| Untracked 
|  51|0x00000006c6600000, 0x00000006c6600000, 0x00000006c6800000|  0%| F|  |TAMS 0x00000006c6600000, 0x00000006c6600000| Untracked 
|  52|0x00000006c6800000, 0x00000006c6800000, 0x00000006c6a00000|  0%| F|  |TAMS 0x00000006c6800000, 0x00000006c6800000| Untracked 
|  53|0x00000006c6a00000, 0x00000006c6a00000, 0x00000006c6c00000|  0%| F|  |TAMS 0x00000006c6a00000, 0x00000006c6a00000| Untracked 
|  54|0x00000006c6c00000, 0x00000006c6c00000, 0x00000006c6e00000|  0%| F|  |TAMS 0x00000006c6c00000, 0x00000006c6c00000| Untracked 
|  55|0x00000006c6e00000, 0x00000006c6e00000, 0x00000006c7000000|  0%| F|  |TAMS 0x00000006c6e00000, 0x00000006c6e00000| Untracked 
|  56|0x00000006c7000000, 0x00000006c7000000, 0x00000006c7200000|  0%| F|  |TAMS 0x00000006c7000000, 0x00000006c7000000| Untracked 
|  57|0x00000006c7200000, 0x00000006c7200000, 0x00000006c7400000|  0%| F|  |TAMS 0x00000006c7200000, 0x00000006c7200000| Untracked 
|  58|0x00000006c7400000, 0x00000006c7400000, 0x00000006c7600000|  0%| F|  |TAMS 0x00000006c7400000, 0x00000006c7400000| Untracked 
|  59|0x00000006c7600000, 0x00000006c7600000, 0x00000006c7800000|  0%| F|  |TAMS 0x00000006c7600000, 0x00000006c7600000| Untracked 
|  60|0x00000006c7800000, 0x00000006c7800000, 0x00000006c7a00000|  0%| F|  |TAMS 0x00000006c7800000, 0x00000006c7800000| Untracked 
|  61|0x00000006c7a00000, 0x00000006c7a00000, 0x00000006c7c00000|  0%| F|  |TAMS 0x00000006c7a00000, 0x00000006c7a00000| Untracked 
|  62|0x00000006c7c00000, 0x00000006c7c00000, 0x00000006c7e00000|  0%| F|  |TAMS 0x00000006c7c00000, 0x00000006c7c00000| Untracked 
|  63|0x00000006c7e00000, 0x00000006c7e00000, 0x00000006c8000000|  0%| F|  |TAMS 0x00000006c7e00000, 0x00000006c7e00000| Untracked 
|  64|0x00000006c8000000, 0x00000006c8000000, 0x00000006c8200000|  0%| F|  |TAMS 0x00000006c8000000, 0x00000006c8000000| Untracked 
|  65|0x00000006c8200000, 0x00000006c8200000, 0x00000006c8400000|  0%| F|  |TAMS 0x00000006c8200000, 0x00000006c8200000| Untracked 
|  66|0x00000006c8400000, 0x00000006c8400000, 0x00000006c8600000|  0%| F|  |TAMS 0x00000006c8400000, 0x00000006c8400000| Untracked 
|  67|0x00000006c8600000, 0x00000006c8600000, 0x00000006c8800000|  0%| F|  |TAMS 0x00000006c8600000, 0x00000006c8600000| Untracked 
|  68|0x00000006c8800000, 0x00000006c8800000, 0x00000006c8a00000|  0%| F|  |TAMS 0x00000006c8800000, 0x00000006c8800000| Untracked 
|  69|0x00000006c8a00000, 0x00000006c8a00000, 0x00000006c8c00000|  0%| F|  |TAMS 0x00000006c8a00000, 0x00000006c8a00000| Untracked 
|  70|0x00000006c8c00000, 0x00000006c8c00000, 0x00000006c8e00000|  0%| F|  |TAMS 0x00000006c8c00000, 0x00000006c8c00000| Untracked 
|  71|0x00000006c8e00000, 0x00000006c8e00000, 0x00000006c9000000|  0%| F|  |TAMS 0x00000006c8e00000, 0x00000006c8e00000| Untracked 
|  72|0x00000006c9000000, 0x00000006c9000000, 0x00000006c9200000|  0%| F|  |TAMS 0x00000006c9000000, 0x00000006c9000000| Untracked 
|  73|0x00000006c9200000, 0x00000006c9200000, 0x00000006c9400000|  0%| F|  |TAMS 0x00000006c9200000, 0x00000006c9200000| Untracked 
|  74|0x00000006c9400000, 0x00000006c9400000, 0x00000006c9600000|  0%| F|  |TAMS 0x00000006c9400000, 0x00000006c9400000| Untracked 
|  75|0x00000006c9600000, 0x00000006c9600000, 0x00000006c9800000|  0%| F|  |TAMS 0x00000006c9600000, 0x00000006c9600000| Untracked 
|  76|0x00000006c9800000, 0x00000006c9800000, 0x00000006c9a00000|  0%| F|  |TAMS 0x00000006c9800000, 0x00000006c9800000| Untracked 
|  77|0x00000006c9a00000, 0x00000006c9a00000, 0x00000006c9c00000|  0%| F|  |TAMS 0x00000006c9a00000, 0x00000006c9a00000| Untracked 
|  78|0x00000006c9c00000, 0x00000006c9c00000, 0x00000006c9e00000|  0%| F|  |TAMS 0x00000006c9c00000, 0x00000006c9c00000| Untracked 
|  79|0x00000006c9e00000, 0x00000006c9e00000, 0x00000006ca000000|  0%| F|  |TAMS 0x00000006c9e00000, 0x00000006c9e00000| Untracked 
|  80|0x00000006ca000000, 0x00000006ca000000, 0x00000006ca200000|  0%| F|  |TAMS 0x00000006ca000000, 0x00000006ca000000| Untracked 
|  81|0x00000006ca200000, 0x00000006ca200000, 0x00000006ca400000|  0%| F|  |TAMS 0x00000006ca200000, 0x00000006ca200000| Untracked 
|  82|0x00000006ca400000, 0x00000006ca400000, 0x00000006ca600000|  0%| F|  |TAMS 0x00000006ca400000, 0x00000006ca400000| Untracked 
|  83|0x00000006ca600000, 0x00000006ca600000, 0x00000006ca800000|  0%| F|  |TAMS 0x00000006ca600000, 0x00000006ca600000| Untracked 
|  84|0x00000006ca800000, 0x00000006ca800000, 0x00000006caa00000|  0%| F|  |TAMS 0x00000006ca800000, 0x00000006ca800000| Untracked 
|  85|0x00000006caa00000, 0x00000006caa00000, 0x00000006cac00000|  0%| F|  |TAMS 0x00000006caa00000, 0x00000006caa00000| Untracked 
|  86|0x00000006cac00000, 0x00000006cac00000, 0x00000006cae00000|  0%| F|  |TAMS 0x00000006cac00000, 0x00000006cac00000| Untracked 
|  87|0x00000006cae00000, 0x00000006cae00000, 0x00000006cb000000|  0%| F|  |TAMS 0x00000006cae00000, 0x00000006cae00000| Untracked 
|  88|0x00000006cb000000, 0x00000006cb000000, 0x00000006cb200000|  0%| F|  |TAMS 0x00000006cb000000, 0x00000006cb000000| Untracked 
|  89|0x00000006cb200000, 0x00000006cb200000, 0x00000006cb400000|  0%| F|  |TAMS 0x00000006cb200000, 0x00000006cb200000| Untracked 
|  90|0x00000006cb400000, 0x00000006cb400000, 0x00000006cb600000|  0%| F|  |TAMS 0x00000006cb400000, 0x00000006cb400000| Untracked 
|  91|0x00000006cb600000, 0x00000006cb600000, 0x00000006cb800000|  0%| F|  |TAMS 0x00000006cb600000, 0x00000006cb600000| Untracked 
|  92|0x00000006cb800000, 0x00000006cb800000, 0x00000006cba00000|  0%| F|  |TAMS 0x00000006cb800000, 0x00000006cb800000| Untracked 
|  93|0x00000006cba00000, 0x00000006cba00000, 0x00000006cbc00000|  0%| F|  |TAMS 0x00000006cba00000, 0x00000006cba00000| Untracked 
|  94|0x00000006cbc00000, 0x00000006cbc00000, 0x00000006cbe00000|  0%| F|  |TAMS 0x00000006cbc00000, 0x00000006cbc00000| Untracked 
|  95|0x00000006cbe00000, 0x00000006cbe00000, 0x00000006cc000000|  0%| F|  |TAMS 0x00000006cbe00000, 0x00000006cbe00000| Untracked 
|  96|0x00000006cc000000, 0x00000006cc000000, 0x00000006cc200000|  0%| F|  |TAMS 0x00000006cc000000, 0x00000006cc000000| Untracked 
|  97|0x00000006cc200000, 0x00000006cc200000, 0x00000006cc400000|  0%| F|  |TAMS 0x00000006cc200000, 0x00000006cc200000| Untracked 
|  98|0x00000006cc400000, 0x00000006cc400000, 0x00000006cc600000|  0%| F|  |TAMS 0x00000006cc400000, 0x00000006cc400000| Untracked 
|  99|0x00000006cc600000, 0x00000006cc600000, 0x00000006cc800000|  0%| F|  |TAMS 0x00000006cc600000, 0x00000006cc600000| Untracked 
| 100|0x00000006cc800000, 0x00000006cc800000, 0x00000006cca00000|  0%| F|  |TAMS 0x00000006cc800000, 0x00000006cc800000| Untracked 
| 101|0x00000006cca00000, 0x00000006cca00000, 0x00000006ccc00000|  0%| F|  |TAMS 0x00000006cca00000, 0x00000006cca00000| Untracked 
| 102|0x00000006ccc00000, 0x00000006ccc00000, 0x00000006cce00000|  0%| F|  |TAMS 0x00000006ccc00000, 0x00000006ccc00000| Untracked 
| 103|0x00000006cce00000, 0x00000006cce00000, 0x00000006cd000000|  0%| F|  |TAMS 0x00000006cce00000, 0x00000006cce00000| Untracked 
| 104|0x00000006cd000000, 0x00000006cd000000, 0x00000006cd200000|  0%| F|  |TAMS 0x00000006cd000000, 0x00000006cd000000| Untracked 
| 105|0x00000006cd200000, 0x00000006cd200000, 0x00000006cd400000|  0%| F|  |TAMS 0x00000006cd200000, 0x00000006cd200000| Untracked 
| 106|0x00000006cd400000, 0x00000006cd400000, 0x00000006cd600000|  0%| F|  |TAMS 0x00000006cd400000, 0x00000006cd400000| Untracked 
| 107|0x00000006cd600000, 0x00000006cd600000, 0x00000006cd800000|  0%| F|  |TAMS 0x00000006cd600000, 0x00000006cd600000| Untracked 
| 108|0x00000006cd800000, 0x00000006cd800000, 0x00000006cda00000|  0%| F|  |TAMS 0x00000006cd800000, 0x00000006cd800000| Untracked 
| 109|0x00000006cda00000, 0x00000006cda00000, 0x00000006cdc00000|  0%| F|  |TAMS 0x00000006cda00000, 0x00000006cda00000| Untracked 
| 110|0x00000006cdc00000, 0x00000006cdc00000, 0x00000006cde00000|  0%| F|  |TAMS 0x00000006cdc00000, 0x00000006cdc00000| Untracked 
| 111|0x00000006cde00000, 0x00000006cde00000, 0x00000006ce000000|  0%| F|  |TAMS 0x00000006cde00000, 0x00000006cde00000| Untracked 
| 112|0x00000006ce000000, 0x00000006ce000000, 0x00000006ce200000|  0%| F|  |TAMS 0x00000006ce000000, 0x00000006ce000000| Untracked 
| 113|0x00000006ce200000, 0x00000006ce200000, 0x00000006ce400000|  0%| F|  |TAMS 0x00000006ce200000, 0x00000006ce200000| Untracked 
| 114|0x00000006ce400000, 0x00000006ce400000, 0x00000006ce600000|  0%| F|  |TAMS 0x00000006ce400000, 0x00000006ce400000| Untracked 
| 115|0x00000006ce600000, 0x00000006ce600000, 0x00000006ce800000|  0%| F|  |TAMS 0x00000006ce600000, 0x00000006ce600000| Untracked 
| 116|0x00000006ce800000, 0x00000006ce800000, 0x00000006cea00000|  0%| F|  |TAMS 0x00000006ce800000, 0x00000006ce800000| Untracked 
| 117|0x00000006cea00000, 0x00000006cea00000, 0x00000006cec00000|  0%| F|  |TAMS 0x00000006cea00000, 0x00000006cea00000| Untracked 
| 118|0x00000006cec00000, 0x00000006cec00000, 0x00000006cee00000|  0%| F|  |TAMS 0x00000006cec00000, 0x00000006cec00000| Untracked 
| 119|0x00000006cee00000, 0x00000006cee00000, 0x00000006cf000000|  0%| F|  |TAMS 0x00000006cee00000, 0x00000006cee00000| Untracked 
| 120|0x00000006cf000000, 0x00000006cf000000, 0x00000006cf200000|  0%| F|  |TAMS 0x00000006cf000000, 0x00000006cf000000| Untracked 
| 121|0x00000006cf200000, 0x00000006cf200000, 0x00000006cf400000|  0%| F|  |TAMS 0x00000006cf200000, 0x00000006cf200000| Untracked 
| 122|0x00000006cf400000, 0x00000006cf400000, 0x00000006cf600000|  0%| F|  |TAMS 0x00000006cf400000, 0x00000006cf400000| Untracked 
| 123|0x00000006cf600000, 0x00000006cf600000, 0x00000006cf800000|  0%| F|  |TAMS 0x00000006cf600000, 0x00000006cf600000| Untracked 
| 124|0x00000006cf800000, 0x00000006cf800000, 0x00000006cfa00000|  0%| F|  |TAMS 0x00000006cf800000, 0x00000006cf800000| Untracked 
| 125|0x00000006cfa00000, 0x00000006cfa00000, 0x00000006cfc00000|  0%| F|  |TAMS 0x00000006cfa00000, 0x00000006cfa00000| Untracked 
| 126|0x00000006cfc00000, 0x00000006cfd71888, 0x00000006cfe00000| 72%| E|  |TAMS 0x00000006cfc00000, 0x00000006cfc00000| Complete 
| 127|0x00000006cfe00000, 0x00000006d0000000, 0x00000006d0000000|100%| E|CS|TAMS 0x00000006cfe00000, 0x00000006cfe00000| Complete 

Card table byte_map: [0x0000000121e58000,0x0000000122658000] _byte_map_base: 0x000000011e858000

Marking Bits (Prev, Next): (CMBitMap*) 0x000000014a02b810, (CMBitMap*) 0x000000014a02b850
 Prev Bits: [0x0000000122e58000, 0x0000000126e58000)
 Next Bits: [0x0000000126e58000, 0x000000012ae58000)

Polling page: 0x0000000104a4c000

Metaspace:

Usage:
  Non-class:      4.44 MB used.
      Class:    434.89 KB used.
       Both:      4.86 MB used.

Virtual space:
  Non-class space:        8.00 MB reserved,       4.50 MB ( 56%) committed,  1 nodes.
      Class space:        1.00 GB reserved,     512.00 KB ( <1%) committed,  1 nodes.
              Both:        1.01 GB reserved,       5.00 MB ( <1%) committed. 

Chunk freelists:
   Non-Class:  2.88 MB
       Class:  3.53 MB
        Both:  6.41 MB

MaxMetaspaceSize: 17179869184.00 GB
CompressedClassSpaceSize: 1.00 GB
 - commit_granule_bytes: 65536.
 - commit_granule_words: 8192.
 - virtual_space_node_default_size: 1048576.
 - enlarge_chunks_in_place: 1.
 - new_chunks_are_fully_committed: 0.
 - uncommit_free_chunks: 1.
 - use_allocation_guard: 0.
 - handle_deallocations: 1.


Internal statistics:

num_allocs_failed_limit: 0.
num_arena_births: 4.
num_arena_deaths: 0.
num_vsnodes_births: 2.
num_vsnodes_deaths: 0.
num_space_committed: 80.
num_space_uncommitted: 0.
num_chunks_returned_to_freelist: 0.
num_chunks_taken_from_freelist: 17.
num_chunk_merges: 0.
num_chunk_splits: 6.
num_chunks_enlarged: 6.
num_purges: 0.

CodeHeap 'non-profiled nmethods': size=120032Kb used=46Kb max_used=46Kb free=119986Kb
 bounds [0x000000011a120000, 0x000000011a390000, 0x0000000121658000]
CodeHeap 'profiled nmethods': size=120016Kb used=264Kb max_used=264Kb free=119752Kb
 bounds [0x0000000112bec000, 0x0000000112e5c000, 0x000000011a120000]
CodeHeap 'non-nmethods': size=5712Kb used=1009Kb max_used=1037Kb free=4702Kb
 bounds [0x0000000112658000, 0x00000001128c8000, 0x0000000112bec000]
 total_blobs=479 nmethods=190 adapters=206
 compilation: enabled
              stopped_count=0, restarted_count=0
 full_count=0

Compilation events (20 events):
Event: 0.162 Thread 0x000000014a8cb600  181       3       java.util.ArrayList::get (15 bytes)
Event: 0.162 Thread 0x000000014a8cb600 nmethod 181 0x0000000112c27890 code [0x0000000112c27a80, 0x0000000112c27e18]
Event: 0.162 Thread 0x000000014a8cb600  182       3       java.util.Objects::checkIndex (7 bytes)
Event: 0.162 Thread 0x000000014a8cb600 nmethod 182 0x0000000112c28010 code [0x0000000112c281c0, 0x0000000112c283d8]
Event: 0.162 Thread 0x000000014a8cb600  183       3       jdk.internal.util.Preconditions::checkIndex (18 bytes)
Event: 0.162 Thread 0x000000014a8cb600 nmethod 183 0x0000000112c28510 code [0x0000000112c286c0, 0x0000000112c28898]
Event: 0.162 Thread 0x000000014a8cb600  184       1       java.util.jar.Attributes$Name::hashCode (5 bytes)
Event: 0.162 Thread 0x000000014a8cb600 nmethod 184 0x000000011a12b510 code [0x000000011a12b680, 0x000000011a12b768]
Event: 0.162 Thread 0x000000014a8cb600  185       3       java.util.jar.Manifest$FastInputStream::readLine (296 bytes)
Event: 0.162 Thread 0x000000014a8cb600 nmethod 185 0x0000000112c28990 code [0x0000000112c28c00, 0x0000000112c29538]
Event: 0.162 Thread 0x000000014a8cb600  186  s!   3       jdk.internal.loader.URLClassPath::getLoader (194 bytes)
Event: 0.163 Thread 0x000000014a8cb600 nmethod 186 0x0000000112c29810 code [0x0000000112c29bc0, 0x0000000112c2b198]
Event: 0.163 Thread 0x000000014a8cb600  187   !   3       jdk.internal.loader.URLClassPath$JarLoader::getResource (65 bytes)
Event: 0.163 Thread 0x000000014a8cb600 nmethod 187 0x0000000112c2ba10 code [0x0000000112c2bcc0, 0x0000000112c2c6d8]
Event: 0.163 Thread 0x000000014a8cb600  190   !   3       java.util.zip.ZipFile::getEntry (59 bytes)
Event: 0.163 Thread 0x000000014a8cb600 nmethod 190 0x0000000112c2ca90 code [0x0000000112c2ccc0, 0x0000000112c2d1e8]
Event: 0.163 Thread 0x000000014a8cb600  189       3       java.util.concurrent.ConcurrentHashMap::setTabAt (20 bytes)
Event: 0.163 Thread 0x000000014a8cb600 nmethod 189 0x0000000112c2d490 code [0x0000000112c2d640, 0x0000000112c2d898]
Event: 0.163 Thread 0x000000014a8cb600  188       3       java.lang.String::lastIndexOf (29 bytes)
Event: 0.163 Thread 0x000000014a8cb600 nmethod 188 0x0000000112c2d990 code [0x0000000112c2db80, 0x0000000112c2dec8]

GC Heap History (0 events):
No events

Deoptimization events (12 events):
Event: 0.083 Thread 0x000000014a80fe00 Uncommon trap: trap_request=0xffffff45 fr.pc=0x000000011a123dd0 relative=0x0000000000000190
Event: 0.083 Thread 0x000000014a80fe00 Uncommon trap: reason=unstable_if action=reinterpret pc=0x000000011a123dd0 method=java.lang.String.hashCode()I @ 42 c2
Event: 0.083 Thread 0x000000014a80fe00 DEOPT PACKING pc=0x000000011a123dd0 sp=0x000000016b6cd470
Event: 0.083 Thread 0x000000014a80fe00 DEOPT UNPACKING pc=0x0000000112691d9c sp=0x000000016b6cd400 mode 2
Event: 0.130 Thread 0x000000014a80fe00 DEOPT PACKING pc=0x0000000112c0c544 sp=0x000000016b6cd0b0
Event: 0.130 Thread 0x000000014a80fe00 DEOPT UNPACKING pc=0x0000000112691bfc sp=0x000000016b6cce50 mode 0
Event: 0.131 Thread 0x000000014a80fe00 DEOPT PACKING pc=0x0000000112c0c544 sp=0x000000016b6cd0b0
Event: 0.131 Thread 0x000000014a80fe00 DEOPT UNPACKING pc=0x0000000112691bfc sp=0x000000016b6cce50 mode 0
Event: 0.131 Thread 0x000000014a80fe00 DEOPT PACKING pc=0x0000000112c0c544 sp=0x000000016b6cd0b0
Event: 0.131 Thread 0x000000014a80fe00 DEOPT UNPACKING pc=0x0000000112691bfc sp=0x000000016b6cce50 mode 0
Event: 0.132 Thread 0x000000014a80fe00 DEOPT PACKING pc=0x0000000112c0c544 sp=0x000000016b6cd0b0
Event: 0.132 Thread 0x000000014a80fe00 DEOPT UNPACKING pc=0x0000000112691bfc sp=0x000000016b6cce50 mode 0

Classes unloaded (0 events):
No events

Classes redefined (0 events):
No events

Internal exceptions (0 events):
No events

Events (20 events):
Event: 0.150 loading class java/util/SortedSet
Event: 0.150 loading class java/util/SortedSet done
Event: 0.150 loading class java/util/NavigableSet done
Event: 0.150 loading class java/util/TreeSet done
Event: 0.150 loading class java/util/TreeMap
Event: 0.150 loading class java/util/NavigableMap
Event: 0.150 loading class java/util/SortedMap
Event: 0.150 loading class java/util/SortedMap done
Event: 0.150 loading class java/util/NavigableMap done
Event: 0.150 loading class java/util/TreeMap done
Event: 0.150 loading class java/util/TreeMap$Entry
Event: 0.150 loading class java/util/TreeMap$Entry done
Event: 0.150 loading class java/util/TreeMap$KeySet
Event: 0.150 loading class java/util/TreeMap$KeySet done
Event: 0.150 loading class java/util/TreeMap$KeyIterator
Event: 0.150 loading class java/util/TreeMap$PrivateEntryIterator
Event: 0.151 loading class java/util/TreeMap$PrivateEntryIterator done
Event: 0.151 loading class java/util/TreeMap$KeyIterator done
Event: 0.161 loading class jdk/internal/loader/URLClassPath$FileLoader
Event: 0.162 loading class jdk/internal/loader/URLClassPath$FileLoader done


Dynamic libraries:
0x000000019ca15000 	/usr/lib/libz.1.dylib
0x00000001049d4000 	/opt/homebrew/Cellar/openjdk/15.0.1/libexec/openjdk.jdk/Contents/Home/lib/libjli.dylib
0x00000001a6f1f000 	/System/Library/Frameworks/Cocoa.framework/Versions/A/Cocoa
0x0000000194e62000 	/System/Library/Frameworks/Security.framework/Versions/A/Security
0x00000001a528d000 	/System/Library/Frameworks/ApplicationServices.framework/Versions/A/ApplicationServices
0x000000019cabb000 	/usr/lib/libSystem.B.dylib
0x000000019cab5000 	/usr/lib/system/libcache.dylib
0x000000019ca74000 	/usr/lib/system/libcommonCrypto.dylib
0x000000019ca9e000 	/usr/lib/system/libcompiler_rt.dylib
0x000000019ca95000 	/usr/lib/system/libcopyfile.dylib
0x0000000192dd8000 	/usr/lib/system/libcorecrypto.dylib
0x0000000192e78000 	/usr/lib/system/libdispatch.dylib
0x0000000193031000 	/usr/lib/system/libdyld.dylib
0x000000019caab000 	/usr/lib/system/libkeymgr.dylib
0x000000019fedc000 	/usr/lib/system/liblaunch.dylib
0x000000019ca56000 	/usr/lib/system/libmacho.dylib
0x000000019c2c8000 	/usr/lib/system/libquarantine.dylib
0x000000019caa8000 	/usr/lib/system/libremovefile.dylib
0x00000001978be000 	/usr/lib/system/libsystem_asl.dylib
0x0000000192d86000 	/usr/lib/system/libsystem_blocks.dylib
0x0000000192efa000 	/usr/lib/system/libsystem_c.dylib
0x000000019caa2000 	/usr/lib/system/libsystem_collections.dylib
0x000000019b902000 	/usr/lib/system/libsystem_configuration.dylib
0x000000019ac85000 	/usr/lib/system/libsystem_containermanager.dylib
0x000000019c82b000 	/usr/lib/system/libsystem_coreservices.dylib
0x0000000195439000 	/usr/lib/system/libsystem_darwin.dylib
0x000000019caac000 	/usr/lib/system/libsystem_dnssd.dylib
0x0000000192ef7000 	/usr/lib/system/libsystem_featureflags.dylib
0x000000019307a000 	/usr/lib/system/libsystem_info.dylib
0x000000019ca27000 	/usr/lib/system/libsystem_m.dylib
0x0000000192e4c000 	/usr/lib/system/libsystem_malloc.dylib
0x0000000197859000 	/usr/lib/system/libsystem_networkextension.dylib
0x000000019587c000 	/usr/lib/system/libsystem_notify.dylib
0x00000001a238a000 	/usr/lib/system/libsystem_product_info_filter.dylib
0x000000019b907000 	/usr/lib/system/libsystem_sandbox.dylib
0x000000019caa5000 	/usr/lib/system/libsystem_secinit.dylib
0x0000000192ff0000 	/usr/lib/system/libsystem_kernel.dylib
0x0000000193073000 	/usr/lib/system/libsystem_platform.dylib
0x0000000193024000 	/usr/lib/system/libsystem_pthread.dylib
0x0000000198e2b000 	/usr/lib/system/libsystem_symptoms.dylib
0x0000000192dc0000 	/usr/lib/system/libsystem_trace.dylib
0x000000019ca82000 	/usr/lib/system/libunwind.dylib
0x0000000192d88000 	/usr/lib/system/libxpc.dylib
0x0000000192fd8000 	/usr/lib/libc++abi.dylib
0x0000000192ebd000 	/usr/lib/libobjc.A.dylib
0x000000019ca8d000 	/usr/lib/liboah.dylib
0x0000000192f7c000 	/usr/lib/libc++.1.dylib
0x00000001930a6000 	/System/Library/Frameworks/CoreFoundation.framework/Versions/A/CoreFoundation
0x0000000193e6d000 	/System/Library/Frameworks/Foundation.framework/Versions/C/Foundation
0x00000001958d6000 	/System/Library/Frameworks/AppKit.framework/Versions/C/AppKit
0x00000001986f4000 	/System/Library/Frameworks/CoreData.framework/Versions/A/CoreData
0x0000000196616000 	/System/Library/PrivateFrameworks/UIFoundation.framework/Versions/A/UIFoundation
0x00000001a211c000 	/System/Library/PrivateFrameworks/RemoteViewServices.framework/Versions/A/RemoteViewServices
0x000000019b336000 	/System/Library/PrivateFrameworks/XCTTargetBootstrap.framework/Versions/A/XCTTargetBootstrap
0x000000019dc75000 	/usr/lib/libspindump.dylib
0x000000019683d000 	/System/Library/Frameworks/UniformTypeIdentifiers.framework/Versions/A/UniformTypeIdentifiers
0x000000019991e000 	/usr/lib/libapp_launch_measurement.dylib
0x0000000199921000 	/System/Library/PrivateFrameworks/CoreAutoLayout.framework/Versions/A/CoreAutoLayout
0x000000019acb3000 	/System/Library/Frameworks/Metal.framework/Versions/A/Metal
0x000000019b912000 	/usr/lib/liblangid.dylib
0x000000019b33a000 	/System/Library/PrivateFrameworks/CoreSVG.framework/Versions/A/CoreSVG
0x00000001978f0000 	/System/Library/PrivateFrameworks/SkyLight.framework/Versions/A/SkyLight
0x0000000197c5b000 	/System/Library/Frameworks/CoreGraphics.framework/Versions/A/CoreGraphics
0x00000001a263c000 	/System/Library/Frameworks/Accelerate.framework/Versions/A/Accelerate
0x000000019d6cf000 	/System/Library/PrivateFrameworks/IconServices.framework/Versions/A/IconServices
0x000000019ac97000 	/System/Library/Frameworks/IOSurface.framework/Versions/A/IOSurface
0x0000000198fc2000 	/usr/lib/libDiagnosticMessagesClient.dylib
0x000000019b31e000 	/System/Library/PrivateFrameworks/DFRFoundation.framework/Versions/A/DFRFoundation
0x00000001951c7000 	/usr/lib/libicucore.A.dylib
0x000000019f1c6000 	/System/Library/Frameworks/AudioToolbox.framework/Versions/A/AudioToolbox
0x000000019e3db000 	/System/Library/PrivateFrameworks/DataDetectorsCore.framework/Versions/A/DataDetectorsCore
0x000000019786b000 	/usr/lib/libMobileGestalt.dylib
0x000000019b013000 	/System/Library/Frameworks/Carbon.framework/Versions/A/Frameworks/HIToolbox.framework/Versions/A/HIToolbox
0x00000001993bd000 	/System/Library/Frameworks/QuartzCore.framework/Versions/A/QuartzCore
0x00000001a2154000 	/System/Library/Frameworks/Carbon.framework/Versions/A/Frameworks/SpeechRecognition.framework/Versions/A/SpeechRecognition
0x00000001996bc000 	/System/Library/PrivateFrameworks/CoreUI.framework/Versions/A/CoreUI
0x0000000194847000 	/System/Library/Frameworks/CoreAudio.framework/Versions/A/CoreAudio
0x00000001990ab000 	/System/Library/Frameworks/DiskArbitration.framework/Versions/A/DiskArbitration
0x000000019e028000 	/System/Library/PrivateFrameworks/MultitouchSupport.framework/Versions/A/MultitouchSupport
0x000000019e3d2000 	/System/Library/PrivateFrameworks/InternationalSupport.framework/Versions/A/InternationalSupport
0x0000000197869000 	/usr/lib/libenergytrace.dylib
0x00000001957b0000 	/System/Library/Frameworks/IOKit.framework/Versions/A/IOKit
0x00000001a247f000 	/System/Library/Frameworks/CoreServices.framework/Versions/A/CoreServices
0x00000001998b4000 	/System/Library/PrivateFrameworks/PerformanceAnalysis.framework/Versions/A/PerformanceAnalysis
0x00000001d5020000 	/System/Library/Frameworks/OpenGL.framework/Versions/A/OpenGL
0x000000019e450000 	/System/Library/PrivateFrameworks/UserActivity.framework/Versions/A/UserActivity
0x0000000198249000 	/System/Library/Frameworks/ColorSync.framework/Versions/A/ColorSync
0x000000019b584000 	/System/Library/Frameworks/CoreImage.framework/Versions/A/CoreImage
0x0000000194677000 	/System/Library/Frameworks/CoreText.framework/Versions/A/CoreText
0x000000019b365000 	/System/Library/Frameworks/ImageIO.framework/Versions/A/ImageIO
0x000000019cac1000 	/System/Library/PrivateFrameworks/SoftLinking.framework/Versions/A/SoftLinking
0x0000000199964000 	/usr/lib/libxml2.2.dylib
0x000000019cd41000 	/usr/lib/libcompression.dylib
0x000000019e31e000 	/System/Library/PrivateFrameworks/TextureIO.framework/Versions/A/TextureIO
0x000000019d42c000 	/usr/lib/libate.dylib
0x000000019d275000 	/usr/lib/liblzma.5.dylib
0x0000000193b82000 	/System/Library/Frameworks/SystemConfiguration.framework/Versions/A/SystemConfiguration
0x000000019cabd000 	/usr/lib/libfakelink.dylib
0x00000001973d0000 	/System/Library/Frameworks/CFNetwork.framework/Versions/A/CFNetwork
0x000000019cc07000 	/usr/lib/libarchive.2.dylib
0x0000000193c0a000 	/usr/lib/libCRFSuite.dylib
0x000000019c2f2000 	/usr/lib/libbsm.0.dylib
0x0000000196c87000 	/usr/lib/libnetwork.dylib
0x000000019cac2000 	/usr/lib/libpcap.A.dylib
0x0000000198e23000 	/usr/lib/libdns_services.dylib
0x000000019d28e000 	/usr/lib/libcoretls_cfhelpers.dylib
0x000000019cd10000 	/usr/lib/libapple_nghttp2.dylib
0x000000019ca5c000 	/usr/lib/system/libkxld.dylib
0x0000000198ab4000 	/usr/lib/libsqlite3.dylib
0x000000019c80e000 	/System/Library/PrivateFrameworks/AppleFSCompression.framework/Versions/A/AppleFSCompression
0x000000019c2db000 	/usr/lib/libcoretls.dylib
0x000000019cd3c000 	/usr/lib/libpam.2.dylib
0x000000019d375000 	/usr/lib/libxar.1.dylib
0x000000019b90e000 	/System/Library/PrivateFrameworks/AppleSystemInfo.framework/Versions/A/AppleSystemInfo
0x000000019bf2b000 	/System/Library/PrivateFrameworks/IOMobileFramebuffer.framework/Versions/A/IOMobileFramebuffer
0x000000019c81e000 	/usr/lib/libbz2.1.0.dylib
0x000000019cafe000 	/usr/lib/libiconv.2.dylib
0x000000019ca55000 	/usr/lib/libcharset.1.dylib
0x00000001998ed000 	/System/Library/Frameworks/CoreServices.framework/Versions/A/Frameworks/FSEvents.framework/Versions/A/FSEvents
0x0000000195444000 	/System/Library/Frameworks/CoreServices.framework/Versions/A/Frameworks/CarbonCore.framework/Versions/A/CarbonCore
0x0000000199011000 	/System/Library/Frameworks/CoreServices.framework/Versions/A/Frameworks/Metadata.framework/Versions/A/Metadata
0x000000019c830000 	/System/Library/Frameworks/CoreServices.framework/Versions/A/Frameworks/OSServices.framework/Versions/A/OSServices
0x000000019cc78000 	/System/Library/Frameworks/CoreServices.framework/Versions/A/Frameworks/SearchKit.framework/Versions/A/SearchKit
0x0000000198daf000 	/System/Library/Frameworks/CoreServices.framework/Versions/A/Frameworks/AE.framework/Versions/A/AE
0x0000000193555000 	/System/Library/Frameworks/CoreServices.framework/Versions/A/Frameworks/LaunchServices.framework/Versions/A/LaunchServices
0x000000019d222000 	/System/Library/Frameworks/CoreServices.framework/Versions/A/Frameworks/DictionaryServices.framework/Versions/A/DictionaryServices
0x00000001998fa000 	/System/Library/Frameworks/CoreServices.framework/Versions/A/Frameworks/SharedFileList.framework/Versions/A/SharedFileList
0x000000019c2cb000 	/usr/lib/libCheckFix.dylib
0x00000001978d6000 	/System/Library/PrivateFrameworks/TCC.framework/Versions/A/TCC
0x000000019b914000 	/System/Library/PrivateFrameworks/CoreNLP.framework/Versions/A/CoreNLP
0x0000000198fc5000 	/System/Library/PrivateFrameworks/MetadataUtilities.framework/Versions/A/MetadataUtilities
0x0000000193c3e000 	/usr/lib/libmecabra.dylib
0x000000019c5b1000 	/System/Library/Frameworks/MLCompute.framework/Versions/A/MLCompute
0x000000019c303000 	/usr/lib/libmecab.dylib
0x000000019c349000 	/usr/lib/libgermantok.dylib
0x000000019cce9000 	/usr/lib/libThaiTokenizer.dylib
0x000000019d3b1000 	/usr/lib/libChineseTokenizer.dylib
0x000000019cd3a000 	/System/Library/Frameworks/MetalPerformanceShaders.framework/Versions/A/MetalPerformanceShaders
0x00000001990b2000 	/System/Library/Frameworks/Accelerate.framework/Versions/A/Frameworks/vImage.framework/Versions/A/vImage
0x00000001a245d000 	/System/Library/Frameworks/Accelerate.framework/Versions/A/Frameworks/vecLib.framework/Versions/A/vecLib
0x000000019d3bc000 	/System/Library/Frameworks/Accelerate.framework/Versions/A/Frameworks/vecLib.framework/Versions/A/libvMisc.dylib
0x000000019be69000 	/System/Library/Frameworks/Accelerate.framework/Versions/A/Frameworks/vecLib.framework/Versions/A/libvDSP.dylib
0x0000000193868000 	/System/Library/Frameworks/Accelerate.framework/Versions/A/Frameworks/vecLib.framework/Versions/A/libBLAS.dylib
0x000000019cd65000 	/System/Library/Frameworks/Accelerate.framework/Versions/A/Frameworks/vecLib.framework/Versions/A/libLAPACK.dylib
0x000000019c34e000 	/System/Library/Frameworks/Accelerate.framework/Versions/A/Frameworks/vecLib.framework/Versions/A/libLinearAlgebra.dylib
0x000000019cd27000 	/System/Library/Frameworks/Accelerate.framework/Versions/A/Frameworks/vecLib.framework/Versions/A/libSparseBLAS.dylib
0x000000019cd60000 	/System/Library/Frameworks/Accelerate.framework/Versions/A/Frameworks/vecLib.framework/Versions/A/libQuadrature.dylib
0x000000019b9aa000 	/System/Library/Frameworks/Accelerate.framework/Versions/A/Frameworks/vecLib.framework/Versions/A/libBNNS.dylib
0x0000000193b1e000 	/System/Library/Frameworks/Accelerate.framework/Versions/A/Frameworks/vecLib.framework/Versions/A/libSparse.dylib
0x000000019b89d000 	/System/Library/Frameworks/MetalPerformanceShaders.framework/Versions/A/Frameworks/MPSCore.framework/Versions/A/MPSCore
0x000000019c786000 	/System/Library/Frameworks/MetalPerformanceShaders.framework/Versions/A/Frameworks/MPSImage.framework/Versions/A/MPSImage
0x000000019c363000 	/System/Library/Frameworks/MetalPerformanceShaders.framework/Versions/A/Frameworks/MPSNeuralNetwork.framework/Versions/A/MPSNeuralNetwork
0x000000019c704000 	/System/Library/Frameworks/MetalPerformanceShaders.framework/Versions/A/Frameworks/MPSMatrix.framework/Versions/A/MPSMatrix
0x000000019c567000 	/System/Library/Frameworks/MetalPerformanceShaders.framework/Versions/A/Frameworks/MPSRayIntersector.framework/Versions/A/MPSRayIntersector
0x000000019c733000 	/System/Library/Frameworks/MetalPerformanceShaders.framework/Versions/A/Frameworks/MPSNDArray.framework/Versions/A/MPSNDArray
0x000000019378e000 	/System/Library/PrivateFrameworks/MetalTools.framework/Versions/A/MetalTools
0x000000019b90c000 	/System/Library/PrivateFrameworks/AggregateDictionary.framework/Versions/A/AggregateDictionary
0x0000000198f8f000 	/System/Library/PrivateFrameworks/CoreAnalytics.framework/Versions/A/CoreAnalytics
0x000000019cceb000 	/System/Library/PrivateFrameworks/AppleSauce.framework/Versions/A/AppleSauce
0x000000019aca9000 	/System/Library/PrivateFrameworks/IOAccelerator.framework/Versions/A/IOAccelerator
0x00000001d5013000 	/System/Library/Frameworks/OpenGL.framework/Versions/A/Libraries/libCoreFSCache.dylib
0x00000001941fa000 	/System/Library/PrivateFrameworks/LanguageModeling.framework/Versions/A/LanguageModeling
0x000000019bf18000 	/System/Library/PrivateFrameworks/CoreEmoji.framework/Versions/A/CoreEmoji
0x000000019b9a2000 	/System/Library/PrivateFrameworks/LinguisticData.framework/Versions/A/LinguisticData
0x0000000193ad3000 	/System/Library/PrivateFrameworks/Lexicon.framework/Versions/A/Lexicon
0x000000019cbf4000 	/usr/lib/libcmph.dylib
0x00000001998cd000 	/System/Library/Frameworks/OpenDirectory.framework/Versions/A/Frameworks/CFOpenDirectory.framework/Versions/A/CFOpenDirectory
0x00000001998bf000 	/System/Library/Frameworks/OpenDirectory.framework/Versions/A/OpenDirectory
0x000000019d290000 	/System/Library/PrivateFrameworks/APFS.framework/Versions/A/APFS
0x000000019c234000 	/System/Library/Frameworks/SecurityFoundation.framework/Versions/A/SecurityFoundation
0x000000019d383000 	/usr/lib/libutil.dylib
0x0000000195774000 	/System/Library/PrivateFrameworks/CoreServicesStore.framework/Versions/A/CoreServicesStore
0x000000019c2c2000 	/System/Library/Frameworks/ServiceManagement.framework/Versions/A/ServiceManagement
0x000000019d387000 	/usr/lib/libxslt.1.dylib
0x000000019c2b8000 	/System/Library/PrivateFrameworks/BackgroundTaskManagement.framework/Versions/A/BackgroundTaskManagement
0x000000019e26d000 	/System/Library/Frameworks/ImageIO.framework/Versions/A/Resources/libRadiance.dylib
0x000000019e276000 	/System/Library/Frameworks/ImageIO.framework/Versions/A/Resources/libJPEG.dylib
0x000000019e1c5000 	/System/Library/Frameworks/ImageIO.framework/Versions/A/Resources/libPng.dylib
0x000000019e1ec000 	/System/Library/Frameworks/ImageIO.framework/Versions/A/Resources/libTIFF.dylib
0x000000019e2c7000 	/System/Library/Frameworks/ImageIO.framework/Versions/A/Resources/libGIF.dylib
0x000000019df42000 	/System/Library/Frameworks/ImageIO.framework/Versions/A/Resources/libJP2.dylib
0x000000019d699000 	/usr/lib/libexpat.1.dylib
0x000000019defe000 	/System/Library/PrivateFrameworks/AppleJPEG.framework/Versions/A/AppleJPEG
0x000000019aeba000 	/System/Library/PrivateFrameworks/FontServices.framework/libFontParser.dylib
0x0000000198d61000 	/System/Library/PrivateFrameworks/RunningBoardServices.framework/Versions/A/RunningBoardServices
0x00000001a744e000 	/System/Library/PrivateFrameworks/IOSurfaceAccelerator.framework/Versions/A/IOSurfaceAccelerator
0x000000019e024000 	/System/Library/PrivateFrameworks/WatchdogClient.framework/Versions/A/WatchdogClient
0x00000001942ea000 	/System/Library/Frameworks/CoreDisplay.framework/Versions/A/CoreDisplay
0x000000019adc2000 	/System/Library/Frameworks/CoreMedia.framework/Versions/A/CoreMedia
0x0000000199a51000 	/System/Library/Frameworks/CoreVideo.framework/Versions/A/CoreVideo
0x000000019e061000 	/System/Library/Frameworks/VideoToolbox.framework/Versions/A/VideoToolbox
0x0000000198cde000 	/System/Library/PrivateFrameworks/BaseBoard.framework/Versions/A/BaseBoard
0x000000019d7d6000 	/System/Library/PrivateFrameworks/PersistentConnection.framework/Versions/A/PersistentConnection
0x0000000198a9d000 	/System/Library/PrivateFrameworks/ProtocolBuffer.framework/Versions/A/ProtocolBuffer
0x0000000198cc7000 	/System/Library/PrivateFrameworks/CommonUtilities.framework/Versions/A/CommonUtilities
0x000000019dec3000 	/System/Library/PrivateFrameworks/Bom.framework/Versions/A/Bom
0x000000019e268000 	/System/Library/PrivateFrameworks/GPUWrangler.framework/Versions/A/GPUWrangler
0x000000019e249000 	/System/Library/PrivateFrameworks/IOPresentment.framework/Versions/A/IOPresentment
0x000000019e270000 	/System/Library/PrivateFrameworks/DSExternalDisplay.framework/Versions/A/DSExternalDisplay
0x000000019e2cc000 	/System/Library/PrivateFrameworks/CMCaptureCore.framework/Versions/A/CMCaptureCore
0x000000019dc5e000 	/System/Library/PrivateFrameworks/AppServerSupport.framework/Versions/A/AppServerSupport
0x000000019fc96000 	/System/Library/PrivateFrameworks/perfdata.framework/Versions/A/perfdata
0x000000019c224000 	/System/Library/PrivateFrameworks/AssertionServices.framework/Versions/A/AssertionServices
0x000000019440d000 	/System/Library/PrivateFrameworks/AudioToolboxCore.framework/Versions/A/AudioToolboxCore
0x000000019ada2000 	/System/Library/PrivateFrameworks/caulk.framework/Versions/A/caulk
0x00000001aea64000 	/System/Library/PrivateFrameworks/SystemPolicy.framework/Versions/A/SystemPolicy
0x000000019d4be000 	/usr/lib/libIOReport.dylib
0x000000019f532000 	/usr/lib/libSMC.dylib
0x000000019e192000 	/usr/lib/libAudioToolboxUtility.dylib
0x00000001af3e9000 	/usr/lib/libmis.dylib
0x00000001d5075000 	/System/Library/Frameworks/OpenGL.framework/Versions/A/Libraries/libGLU.dylib
0x00000001d5033000 	/System/Library/Frameworks/OpenGL.framework/Versions/A/Libraries/libGFXShared.dylib
0x00000001d521b000 	/System/Library/Frameworks/OpenGL.framework/Versions/A/Libraries/libGL.dylib
0x00000001d503c000 	/System/Library/Frameworks/OpenGL.framework/Versions/A/Libraries/libGLImage.dylib
0x00000001d5030000 	/System/Library/Frameworks/OpenGL.framework/Versions/A/Libraries/libCVMSPluginSupport.dylib
0x00000001d501a000 	/System/Library/Frameworks/OpenGL.framework/Versions/A/Libraries/libCoreVMClient.dylib
0x00000001a5f92000 	/System/Library/PrivateFrameworks/ASEProcessing.framework/Versions/A/ASEProcessing
0x000000019d7fd000 	/System/Library/PrivateFrameworks/GraphVisualizer.framework/Versions/A/GraphVisualizer
0x000000019d80b000 	/System/Library/PrivateFrameworks/FaceCore.framework/Versions/A/FaceCore
0x000000019dc1e000 	/System/Library/PrivateFrameworks/OTSVG.framework/Versions/A/OTSVG
0x000000019967a000 	/System/Library/Frameworks/ApplicationServices.framework/Versions/A/Frameworks/ATS.framework/Versions/A/Resources/libFontRegistry.dylib
0x000000019dc66000 	/System/Library/PrivateFrameworks/FontServices.framework/libhvf.dylib
0x00000001d53b6000 	/System/Library/Frameworks/OpenCL.framework/Versions/A/OpenCL
0x000000019d64d000 	/System/Library/PrivateFrameworks/AppleVA.framework/Versions/A/AppleVA
0x000000019f37e000 	/System/Library/Frameworks/ApplicationServices.framework/Versions/A/Frameworks/ATS.framework/Versions/A/ATS
0x000000019f691000 	/System/Library/Frameworks/ApplicationServices.framework/Versions/A/Frameworks/ColorSyncLegacy.framework/Versions/A/ColorSyncLegacy
0x000000019833f000 	/System/Library/Frameworks/ApplicationServices.framework/Versions/A/Frameworks/HIServices.framework/Versions/A/HIServices
0x000000019f670000 	/System/Library/Frameworks/ApplicationServices.framework/Versions/A/Frameworks/LangAnalysis.framework/Versions/A/LangAnalysis
0x000000019e2d6000 	/System/Library/Frameworks/ApplicationServices.framework/Versions/A/Frameworks/PrintCore.framework/Versions/A/PrintCore
0x000000019f699000 	/System/Library/Frameworks/ApplicationServices.framework/Versions/A/Frameworks/QD.framework/Versions/A/QD
0x000000019f36a000 	/System/Library/Frameworks/ApplicationServices.framework/Versions/A/Frameworks/SpeechSynthesis.framework/Versions/A/SpeechSynthesis
0x000000019e297000 	/System/Library/Frameworks/ApplicationServices.framework/Versions/A/Frameworks/ATSUI.framework/Versions/A/ATSUI
0x000000019f612000 	/usr/lib/libcups.2.dylib
0x000000019f684000 	/System/Library/PrivateFrameworks/NetAuth.framework/Versions/A/NetAuth
0x000000019fcb0000 	/System/Library/Frameworks/Kerberos.framework/Versions/A/Kerberos
0x000000019fcc1000 	/System/Library/Frameworks/GSS.framework/Versions/A/GSS
0x000000019f3ed000 	/usr/lib/libresolv.9.dylib
0x000000019dc7c000 	/System/Library/PrivateFrameworks/Heimdal.framework/Versions/A/Heimdal
0x00000001a557d000 	/System/Library/Frameworks/Kerberos.framework/Versions/A/Libraries/libHeimdalProxy.dylib
0x0000000198e33000 	/System/Library/Frameworks/Network.framework/Versions/A/Network
0x000000019d6b3000 	/usr/lib/libheimdal-asn1.dylib
0x000000019fd09000 	/System/Library/PrivateFrameworks/CommonAuth.framework/Versions/A/CommonAuth
0x0000000199aa5000 	/System/Library/PrivateFrameworks/login.framework/Versions/A/Frameworks/loginsupport.framework/Versions/A/loginsupport
0x000000019f2ef000 	/System/Library/PrivateFrameworks/AudioSession.framework/Versions/A/AudioSession
0x000000019f357000 	/usr/lib/libAudioStatistics.dylib
0x000000019d733000 	/System/Library/PrivateFrameworks/MediaExperience.framework/Versions/A/MediaExperience
0x000000019f190000 	/System/Library/PrivateFrameworks/AudioSession.framework/libSessionUtility.dylib
0x000000019fca2000 	/usr/lib/libperfcheck.dylib
0x000000019f6a5000 	/System/Library/PrivateFrameworks/AudioResourceArbitration.framework/Versions/A/AudioResourceArbitration
0x000000019d6bc000 	/System/Library/PrivateFrameworks/IconFoundation.framework/Versions/A/IconFoundation
0x00000001a2144000 	/System/Library/PrivateFrameworks/SpeechRecognitionCore.framework/Versions/A/SpeechRecognitionCore
0x0000000109000000 	/opt/homebrew/Cellar/openjdk/15.0.1/libexec/openjdk.jdk/Contents/Home/lib/server/libjvm.dylib
0x0000000104a38000 	/opt/homebrew/Cellar/openjdk/15.0.1/libexec/openjdk.jdk/Contents/Home/lib/libjimage.dylib
0x0000000104bb0000 	/opt/homebrew/Cellar/openjdk/15.0.1/libexec/openjdk.jdk/Contents/Home/lib/libjava.dylib
0x0000000104e38000 	/opt/homebrew/Cellar/openjdk/15.0.1/libexec/openjdk.jdk/Contents/Home/lib/libnio.dylib
0x0000000104e58000 	/opt/homebrew/Cellar/openjdk/15.0.1/libexec/openjdk.jdk/Contents/Home/lib/libnet.dylib
0x0000000104e7c000 	/opt/homebrew/Cellar/openjdk/15.0.1/libexec/openjdk.jdk/Contents/Home/lib/libzip.dylib
0x0000000104e94000 	/opt/homebrew/Cellar/openjdk/15.0.1/libexec/openjdk.jdk/Contents/Home/lib/libverify.dylib


VM Arguments:
java_command: io.qameta.allure.CommandLine serve allure-results
java_class_path (initial): /opt/homebrew/Cellar/allure/2.13.8/libexec/lib/allure-commandline-2.13.8.jar:/opt/homebrew/Cellar/allure/2.13.8/libexec/lib/jcommander-1.78.jar:/opt/homebrew/Cellar/allure/2.13.8/libexec/lib/allure-generator-2.13.8.jar:/opt/homebrew/Cellar/allure/2.13.8/libexec/lib/allure-plugin-api-2.13.8.jar:/opt/homebrew/Cellar/allure/2.13.8/libexec/lib/jackson-dataformat-xml-2.9.8.jar:/opt/homebrew/Cellar/allure/2.13.8/libexec/lib/allure-model-2.13.0.jar:/opt/homebrew/Cellar/allure/2.13.8/libexec/lib/jackson-module-jaxb-annotations-2.9.8.jar:/opt/homebrew/Cellar/allure/2.13.8/libexec/lib/jackson-databind-2.9.8.jar:/opt/homebrew/Cellar/allure/2.13.8/libexec/lib/jackson-dataformat-yaml-2.9.8.jar:/opt/homebrew/Cellar/allure/2.13.8/libexec/lib/commons-io-2.6.jar:/opt/homebrew/Cellar/allure/2.13.8/libexec/lib/jetty-server-9.4.20.v20190813.jar:/opt/homebrew/Cellar/allure/2.13.8/libexec/lib/slf4j-log4j12-1.7.28.jar:/opt/homebrew/Cellar/allure/2.13.8/libexec/lib/jackson-annotations-2.9.0.jar:/opt/homebrew/Cellar/allure/2.13.8/libexec/lib/jackson-core-2.9.8.jar:/opt/homebrew/Cellar/allure/2.13.8/libexec/lib/snakeyaml-1.23.jar:/opt/homebrew/Cellar/allure/2.13.8/libexec/lib/javax.servlet-api-3.1.0.jar:/opt/homebrew/Cellar/allure/2.13.8/libexec/lib/jetty-http-9.4.20.v20190813.jar:/opt/homebrew/Cellar/allure/2.13.8/libexec/lib/jetty-io-9.4.20.v20190813.jar:/opt/homebrew/Cellar/allure/2.13.8/libexec/lib/allure1-model-1.0.jar:/opt/homebrew/Cellar/allure/2.13.8/libexec/lib/slf4j-api-1.7.28.jar:/opt/homebrew/Cellar/allure/2.13.8/libexec/lib/log4j-1.2.17.jar:/opt/homebrew/Cellar/allure/2.13.8/libexec/lib/jaxb-api-2.3.1.jar:/opt/homebrew/Cellar/allure/2.13.8/libexec/lib/httpclient-4.5.9.jar:/opt/homebrew/Cellar/allure/2.13.8/libexec/lib/tika-core-1.22.jar:/opt/homebrew/Cellar/allure/2.13.8/libexec/lib/freemarker-2.3.29.jar:/opt/homebrew/Cellar/allure/2.13.8/libexec/lib/jetty-util-9.4.20.v20190813.jar:/opt/homebrew/Cellar/allure/2.13.8/libexec/lib/opencsv-4.6.jar:/opt/h
Launcher Type: SUN_STANDARD

[Global flags]
     intx CICompilerCount                          = 4                                         {product} {ergonomic}
     uint ConcGCThreads                            = 2                                         {product} {ergonomic}
     uint G1ConcRefinementThreads                  = 8                                         {product} {ergonomic}
   size_t G1HeapRegionSize                         = 2097152                                   {product} {ergonomic}
    uintx GCDrainStackTargetSize                   = 64                                        {product} {ergonomic}
   size_t InitialHeapSize                          = 268435456                                 {product} {ergonomic}
   size_t MarkStackSize                            = 4194304                                   {product} {ergonomic}
   size_t MaxHeapSize                              = 4294967296                                {product} {ergonomic}
   size_t MaxNewSize                               = 2575302656                                {product} {ergonomic}
   size_t MinHeapDeltaBytes                        = 2097152                                   {product} {ergonomic}
   size_t MinHeapSize                              = 8388608                                   {product} {ergonomic}
    uintx NonNMethodCodeHeapSize                   = 5839564                                {pd product} {ergonomic}
    uintx NonProfiledCodeHeapSize                  = 122909338                              {pd product} {ergonomic}
    uintx ProfiledCodeHeapSize                     = 122909338                              {pd product} {ergonomic}
    uintx ReservedCodeCacheSize                    = 251658240                              {pd product} {ergonomic}
     bool SegmentedCodeCache                       = true                                      {product} {ergonomic}
   size_t SoftMaxHeapSize                          = 4294967296                             {manageable} {ergonomic}
     bool UseCompressedClassPointers               = true                           {product lp64_product} {ergonomic}
     bool UseCompressedOops                        = true                           {product lp64_product} {ergonomic}
     bool UseG1GC                                  = true                                      {product} {ergonomic}
     bool UseNUMA                                  = false                                     {product} {ergonomic}
     bool UseNUMAInterleaving                      = false                                     {product} {ergonomic}

Logging:
Log output configuration:
 #0: stdout all=warning uptime,level,tags
 #1: stderr all=off uptime,level,tags

Environment Variables:
JAVA_HOME=/opt/homebrew/opt/openjdk
PATH=/opt/homebrew/bin:/opt/homebrew/sbin:/opt/homebrew/bin:/opt/homebrew/sbin:/usr/local/bin:/usr/bin:/bin:/usr/sbin:/sbin:/Library/Java/JavaVirtualMachines/jdk1.8.0_221.jdk/Contents/Home/bin:/Applications/apache-maven-3.8.1/bin:/Applications/apache-maven-3.8.1/bin:/Applications/apache-maven-3.8.1/bin:/Applications/apache-maven-3.8.1/bin:/Applications/apache-maven-3.8.1/bin
SHELL=/bin/zsh
LC_CTYPE=en_IL.UTF-8

Signal Handlers:
SIGSEGV: [libjvm.dylib+0x9b5050], sa_mask[0]=11100110000111110111111111111111, sa_flags=SA_ONSTACK|SA_RESTART|SA_SIGINFO
SIGBUS: [libjvm.dylib+0x9b5050], sa_mask[0]=11100110000111110111111111111111, sa_flags=SA_RESTART|SA_SIGINFO
SIGFPE: [libjvm.dylib+0x9b5050], sa_mask[0]=11100110000111110111111111111111, sa_flags=SA_RESTART|SA_SIGINFO
SIGPIPE: [libjvm.dylib+0x89b5ec], sa_mask[0]=11100110000111110111111111111111, sa_flags=SA_RESTART|SA_SIGINFO
SIGXFSZ: [libjvm.dylib+0x89b5ec], sa_mask[0]=11100110000111110111111111111111, sa_flags=SA_RESTART|SA_SIGINFO
SIGILL: [libjvm.dylib+0x9b5050], sa_mask[0]=11100110000111110111111111111111, sa_flags=SA_RESTART|SA_SIGINFO
SIGUSR2: [libjvm.dylib+0x89c018], sa_mask[0]=00000000000000000000000000000000, sa_flags=SA_RESTART|SA_SIGINFO
SIGHUP: [libjvm.dylib+0x89a694], sa_mask[0]=11100110000111110111111111111111, sa_flags=SA_RESTART|SA_SIGINFO
SIGINT: [libjvm.dylib+0x89a694], sa_mask[0]=11100110000111110111111111111111, sa_flags=SA_RESTART|SA_SIGINFO
SIGTERM: [libjvm.dylib+0x89a694], sa_mask[0]=11100110000111110111111111111111, sa_flags=SA_RESTART|SA_SIGINFO
SIGQUIT: [libjvm.dylib+0x89a694], sa_mask[0]=11100110000111110111111111111111, sa_flags=SA_RESTART|SA_SIGINFO


---------------  S Y S T E M  ---------------

OS:uname: Darwin 20.5.0 Darwin Kernel Version 20.5.0: Sat May  8 05:10:31 PDT 2021; root:xnu-7195.121.3~9/RELEASE_ARM64_T8101 arm64
OS uptime: 18 days 15:34 hours
rlimit (soft/hard): STACK 8176k/65520k , CORE 0k/infinity , NPROC 2666/4000 , NOFILE 10240/infinity , AS infinity/infinity , CPU infinity/infinity , DATA infinity/infinity , FSIZE infinity/infinity , MEMLOCK infinity/infinity , RSS infinity/infinity
load average: 2.38 1.78 1.61

CPU: total 8 (initial active 8) 0x61:0x0:0x1b588bb3:0, simd, crc, lse

Memory: 16k page, physical 16777216k(106384k free), swap 1048576k(899584k free)

vm_info: OpenJDK 64-Bit Server VM (16+14) for bsd-aarch64 JRE (16+14), built on Jan 17 2021 07:19:47 by "brew" with clang Apple LLVM 12.0.0 (clang-1200.0.32.28)

END.
